# JRE version: OpenJDK Runtime Environment Zulu11.52+13-CA (11.0.13+8) (build 11.0.13+8-LTS)
# Java VM: OpenJDK 64-Bit Server VM Zulu11.52+13-CA (11.0.13+8-LTS, mixed mode, tiered, compressed oops, g1 gc, linux-amd64)
Heap:
 garbage-first heap   total 17408K, used 4891K [0x0000000700000000, 0x0000000800000000)
  region size 1024K, 1 young (1024K), 0 survivors (0K)
 Metaspace       used 10691K, capacity 10922K, committed 11136K, reserved 1058816K
  class space    used 968K, capacity 1053K, committed 1152K, reserved 1048576K
GC Heap History (16 events):
Event: 187.855 GC heap before
{Heap before GC invocations=0 (full 0):
 garbage-first heap   total 514048K, used 14336K [0x0000000700000000, 0x0000000800000000)
  region size 1024K, 11 young (11264K), 0 survivors (0K)
 Metaspace       used 10461K, capacity 10730K, committed 10880K, reserved 1058816K
  class space    used 941K, capacity 1053K, committed 1152K, reserved 1048576K
}
Event: 187.866 GC heap after
{Heap after GC invocations=1 (full 1):
 garbage-first heap   total 48128K, used 4904K [0x0000000700000000, 0x0000000800000000)
  region size 1024K, 0 young (0K), 0 survivors (0K)
 Metaspace       used 10461K, capacity 10730K, committed 10880K, reserved 1058816K
  class space    used 941K, capacity 1053K, committed 1152K, reserved 1048576K
}
Event: 187.866 GC heap before
{Heap before GC invocations=1 (full 1):
 garbage-first heap   total 48128K, used 4904K [0x0000000700000000, 0x0000000800000000)
  region size 1024K, 0 young (0K), 0 survivors (0K)
 Metaspace       used 10461K, capacity 10730K, committed 10880K, reserved 1058816K
  class space    used 941K, capacity 1053K, committed 1152K, reserved 1048576K
}
Event: 187.872 GC heap after
{Heap after GC invocations=2 (full 2):
 garbage-first heap   total 24576K, used 4904K [0x0000000700000000, 0x0000000800000000)
  region size 1024K, 0 young (0K), 0 survivors (0K)
 Metaspace       used 10461K, capacity 10730K, committed 10880K, reserved 1058816K
  class space    used 941K, capacity 1053K, committed 1152K, reserved 1048576K
}
Event: 187.872 GC heap before
{Heap before GC invocations=2 (full 2):
 garbage-first heap   total 24576K, used 4904K [0x0000000700000000, 0x0000000800000000)
  region size 1024K, 0 young (0K), 0 survivors (0K)
 Metaspace       used 10461K, capacity 10730K, committed 10880K, reserved 1058816K
  class space    used 941K, capacity 1053K, committed 1152K, reserved 1048576K
}
Event: 187.880 GC heap after
{Heap after GC invocations=3 (full 3):
 garbage-first heap   total 17408K, used 4904K [0x0000000700000000, 0x0000000800000000)
  region size 1024K, 0 young (0K), 0 survivors (0K)
 Metaspace       used 10461K, capacity 10730K, committed 10880K, reserved 1058816K
  class space    used 941K, capacity 1053K, committed 1152K, reserved 1048576K
}
Event: 187.880 GC heap before
{Heap before GC invocations=3 (full 3):
 garbage-first heap   total 17408K, used 4904K [0x0000000700000000, 0x0000000800000000)
  region size 1024K, 0 young (0K), 0 survivors (0K)
 Metaspace       used 10461K, capacity 10730K, committed 10880K, reserved 1058816K
  class space    used 941K, capacity 1053K, committed 1152K, reserved 1048576K
}
Event: 187.890 GC heap after
{Heap after GC invocations=4 (full 4):
 garbage-first heap   total 17408K, used 4904K [0x0000000700000000, 0x0000000800000000)
  region size 1024K, 0 young (0K), 0 survivors (0K)
 Metaspace       used 10461K, capacity 10730K, committed 10880K, reserved 1058816K
  class space    used 941K, capacity 1053K, committed 1152K, reserved 1048576K
}
Event: 513.053 GC heap before
{Heap before GC invocations=4 (full 4):
 garbage-first heap   total 17408K, used 4904K [0x0000000700000000, 0x0000000800000000)
  region size 1024K, 1 young (1024K), 0 survivors (0K)
 Metaspace       used 10688K, capacity 10922K, committed 11136K, reserved 1058816K
  class space    used 968K, capacity 1053K, committed 1152K, reserved 1048576K
}
Event: 513.069 GC heap after
{Heap after GC invocations=5 (full 5):
 garbage-first heap   total 17408K, used 4908K [0x0000000700000000, 0x0000000800000000)
  region size 1024K, 0 young (0K), 0 survivors (0K)
 Metaspace       used 10688K, capacity 10922K, committed 11136K, reserved 1058816K
  class space    used 968K, capacity 1053K, committed 1152K, reserved 1048576K
}
Event: 527.138 GC heap before
{Heap before GC invocations=5 (full 5):
 garbage-first heap   total 17408K, used 4908K [0x0000000700000000, 0x0000000800000000)
  region size 1024K, 1 young (1024K), 0 survivors (0K)
 Metaspace       used 10691K, capacity 10922K, committed 11136K, reserved 1058816K
  class space    used 968K, capacity 1053K, committed 1152K, reserved 1048576K
}
Event: 527.150 GC heap after
{Heap after GC invocations=6 (full 6):
 garbage-first heap   total 17408K, used 4891K [0x0000000700000000, 0x0000000800000000)
  region size 1024K, 0 young (0K), 0 survivors (0K)
 Metaspace       used 10691K, capacity 10922K, committed 11136K, reserved 1058816K
  class space    used 968K, capacity 1053K, committed 1152K, reserved 1048576K
}
Event: 551.243 GC heap before
{Heap before GC invocations=6 (full 6):
 garbage-first heap   total 17408K, used 4891K [0x0000000700000000, 0x0000000800000000)
  region size 1024K, 1 young (1024K), 0 survivors (0K)
 Metaspace       used 10691K, capacity 10922K, committed 11136K, reserved 1058816K
  class space    used 968K, capacity 1053K, committed 1152K, reserved 1048576K
}
Event: 551.253 GC heap after
{Heap after GC invocations=7 (full 7):
 garbage-first heap   total 17408K, used 4891K [0x0000000700000000, 0x0000000800000000)
  region size 1024K, 0 young (0K), 0 survivors (0K)
 Metaspace       used 10691K, capacity 10922K, committed 11136K, reserved 1058816K
  class space    used 968K, capacity 1053K, committed 1152K, reserved 1048576K
}
Event: 586.915 GC heap before
{Heap before GC invocations=7 (full 7):
 garbage-first heap   total 17408K, used 4891K [0x0000000700000000, 0x0000000800000000)
  region size 1024K, 1 young (1024K), 0 survivors (0K)
 Metaspace       used 10691K, capacity 10922K, committed 11136K, reserved 1058816K
  class space    used 968K, capacity 1053K, committed 1152K, reserved 1048576K
}
Event: 586.928 GC heap after
{Heap after GC invocations=8 (full 8):
 garbage-first heap   total 17408K, used 4891K [0x0000000700000000, 0x0000000800000000)
  region size 1024K, 0 young (0K), 0 survivors (0K)
 Metaspace       used 10691K, capacity 10922K, committed 11136K, reserved 1058816K
  class space    used 968K, capacity 1053K, committed 1152K, reserved 1048576K
}

