# JRE version: OpenJDK Runtime Environment Zulu11.52+13-CA (11.0.13+8) (build 11.0.13+8-LTS)
# Java VM: OpenJDK 64-Bit Server VM Zulu11.52+13-CA (11.0.13+8-LTS, mixed mode, tiered, compressed oops, g1 gc, linux-amd64)
Heap:
 garbage-first heap   total 17408K, used 4726K [0x0000000700000000, 0x0000000800000000)
  region size 1024K, 1 young (1024K), 0 survivors (0K)
 Metaspace       used 10671K, capacity 10808K, committed 11392K, reserved 1058816K
  class space    used 922K, capacity 989K, committed 1152K, reserved 1048576K
GC Heap History (20 events):
Event: 4571.323 GC heap before
{Heap before GC invocations=17 (full 17):
 garbage-first heap   total 17408K, used 4726K [0x0000000700000000, 0x0000000800000000)
  region size 1024K, 1 young (1024K), 0 survivors (0K)
 Metaspace       used 10631K, capacity 10808K, committed 11392K, reserved 1058816K
  class space    used 922K, capacity 989K, committed 1152K, reserved 1048576K
}
Event: 4571.336 GC heap after
{Heap after GC invocations=18 (full 18):
 garbage-first heap   total 17408K, used 4726K [0x0000000700000000, 0x0000000800000000)
  region size 1024K, 0 young (0K), 0 survivors (0K)
 Metaspace       used 10631K, capacity 10808K, committed 11392K, reserved 1058816K
  class space    used 922K, capacity 989K, committed 1152K, reserved 1048576K
}
Event: 4600.589 GC heap before
{Heap before GC invocations=18 (full 18):
 garbage-first heap   total 17408K, used 4726K [0x0000000700000000, 0x0000000800000000)
  region size 1024K, 1 young (1024K), 0 survivors (0K)
 Metaspace       used 10631K, capacity 10808K, committed 11392K, reserved 1058816K
  class space    used 922K, capacity 989K, committed 1152K, reserved 1048576K
}
Event: 4600.600 GC heap after
{Heap after GC invocations=19 (full 19):
 garbage-first heap   total 17408K, used 4726K [0x0000000700000000, 0x0000000800000000)
  region size 1024K, 0 young (0K), 0 survivors (0K)
 Metaspace       used 10631K, capacity 10808K, committed 11392K, reserved 1058816K
  class space    used 922K, capacity 989K, committed 1152K, reserved 1048576K
}
Event: 4648.260 GC heap before
{Heap before GC invocations=19 (full 19):
 garbage-first heap   total 17408K, used 4726K [0x0000000700000000, 0x0000000800000000)
  region size 1024K, 1 young (1024K), 0 survivors (0K)
 Metaspace       used 10631K, capacity 10808K, committed 11392K, reserved 1058816K
  class space    used 922K, capacity 989K, committed 1152K, reserved 1048576K
}
Event: 4648.270 GC heap after
{Heap after GC invocations=20 (full 20):
 garbage-first heap   total 17408K, used 4726K [0x0000000700000000, 0x0000000800000000)
  region size 1024K, 0 young (0K), 0 survivors (0K)
 Metaspace       used 10631K, capacity 10808K, committed 11392K, reserved 1058816K
  class space    used 922K, capacity 989K, committed 1152K, reserved 1048576K
}
Event: 4775.362 GC heap before
{Heap before GC invocations=20 (full 20):
 garbage-first heap   total 17408K, used 4726K [0x0000000700000000, 0x0000000800000000)
  region size 1024K, 1 young (1024K), 0 survivors (0K)
 Metaspace       used 10662K, capacity 10808K, committed 11392K, reserved 1058816K
  class space    used 922K, capacity 989K, committed 1152K, reserved 1048576K
}
Event: 4775.374 GC heap after
{Heap after GC invocations=21 (full 21):
 garbage-first heap   total 17408K, used 4726K [0x0000000700000000, 0x0000000800000000)
  region size 1024K, 0 young (0K), 0 survivors (0K)
 Metaspace       used 10662K, capacity 10808K, committed 11392K, reserved 1058816K
  class space    used 922K, capacity 989K, committed 1152K, reserved 1048576K
}
Event: 6587.936 GC heap before
{Heap before GC invocations=21 (full 21):
 garbage-first heap   total 17408K, used 4726K [0x0000000700000000, 0x0000000800000000)
  region size 1024K, 1 young (1024K), 0 survivors (0K)
 Metaspace       used 10663K, capacity 10808K, committed 11392K, reserved 1058816K
  class space    used 922K, capacity 989K, committed 1152K, reserved 1048576K
}
Event: 6587.950 GC heap after
{Heap after GC invocations=22 (full 22):
 garbage-first heap   total 17408K, used 4726K [0x0000000700000000, 0x0000000800000000)
  region size 1024K, 0 young (0K), 0 survivors (0K)
 Metaspace       used 10663K, capacity 10808K, committed 11392K, reserved 1058816K
  class space    used 922K, capacity 989K, committed 1152K, reserved 1048576K
}
Event: 6614.960 GC heap before
{Heap before GC invocations=22 (full 22):
 garbage-first heap   total 17408K, used 4726K [0x0000000700000000, 0x0000000800000000)
  region size 1024K, 1 young (1024K), 0 survivors (0K)
 Metaspace       used 10671K, capacity 10808K, committed 11392K, reserved 1058816K
  class space    used 922K, capacity 989K, committed 1152K, reserved 1048576K
}
Event: 6614.970 GC heap after
{Heap after GC invocations=23 (full 23):
 garbage-first heap   total 17408K, used 4726K [0x0000000700000000, 0x0000000800000000)
  region size 1024K, 0 young (0K), 0 survivors (0K)
 Metaspace       used 10671K, capacity 10808K, committed 11392K, reserved 1058816K
  class space    used 922K, capacity 989K, committed 1152K, reserved 1048576K
}
Event: 6659.753 GC heap before
{Heap before GC invocations=23 (full 23):
 garbage-first heap   total 17408K, used 4726K [0x0000000700000000, 0x0000000800000000)
  region size 1024K, 1 young (1024K), 0 survivors (0K)
 Metaspace       used 10671K, capacity 10808K, committed 11392K, reserved 1058816K
  class space    used 922K, capacity 989K, committed 1152K, reserved 1048576K
}
Event: 6659.768 GC heap after
{Heap after GC invocations=24 (full 24):
 garbage-first heap   total 17408K, used 4726K [0x0000000700000000, 0x0000000800000000)
  region size 1024K, 0 young (0K), 0 survivors (0K)
 Metaspace       used 10671K, capacity 10808K, committed 11392K, reserved 1058816K
  class space    used 922K, capacity 989K, committed 1152K, reserved 1048576K
}
Event: 6680.235 GC heap before
{Heap before GC invocations=24 (full 24):
 garbage-first heap   total 17408K, used 4726K [0x0000000700000000, 0x0000000800000000)
  region size 1024K, 1 young (1024K), 0 survivors (0K)
 Metaspace       used 10671K, capacity 10808K, committed 11392K, reserved 1058816K
  class space    used 922K, capacity 989K, committed 1152K, reserved 1048576K
}
Event: 6680.248 GC heap after
{Heap after GC invocations=25 (full 25):
 garbage-first heap   total 17408K, used 4726K [0x0000000700000000, 0x0000000800000000)
  region size 1024K, 0 young (0K), 0 survivors (0K)
 Metaspace       used 10671K, capacity 10808K, committed 11392K, reserved 1058816K
  class space    used 922K, capacity 989K, committed 1152K, reserved 1048576K
}
Event: 6714.377 GC heap before
{Heap before GC invocations=25 (full 25):
 garbage-first heap   total 17408K, used 4726K [0x0000000700000000, 0x0000000800000000)
  region size 1024K, 1 young (1024K), 0 survivors (0K)
 Metaspace       used 10671K, capacity 10808K, committed 11392K, reserved 1058816K
  class space    used 922K, capacity 989K, committed 1152K, reserved 1048576K
}
Event: 6714.390 GC heap after
{Heap after GC invocations=26 (full 26):
 garbage-first heap   total 17408K, used 4726K [0x0000000700000000, 0x0000000800000000)
  region size 1024K, 0 young (0K), 0 survivors (0K)
 Metaspace       used 10671K, capacity 10808K, committed 11392K, reserved 1058816K
  class space    used 922K, capacity 989K, committed 1152K, reserved 1048576K
}
Event: 7077.968 GC heap before
{Heap before GC invocations=26 (full 26):
 garbage-first heap   total 17408K, used 4726K [0x0000000700000000, 0x0000000800000000)
  region size 1024K, 1 young (1024K), 0 survivors (0K)
 Metaspace       used 10671K, capacity 10808K, committed 11392K, reserved 1058816K
  class space    used 922K, capacity 989K, committed 1152K, reserved 1048576K
}
Event: 7077.981 GC heap after
{Heap after GC invocations=27 (full 27):
 garbage-first heap   total 17408K, used 4726K [0x0000000700000000, 0x0000000800000000)
  region size 1024K, 0 young (0K), 0 survivors (0K)
 Metaspace       used 10671K, capacity 10808K, committed 11392K, reserved 1058816K
  class space    used 922K, capacity 989K, committed 1152K, reserved 1048576K
}

